Arguments: 
  /usr/bin/node /usr/bin/yarn build --watch

PATH: 
  /home/isaac/.rbenv/shims:/home/isaac/.rbenv/bin:/home/isaac/.rvm/gems/ruby-3.0.3/bin:/home/isaac/.rvm/gems/ruby-3.0.3@global/bin:/home/isaac/.rvm/rubies/ruby-3.0.3/bin:/home/isaac/.local/bin:/usr/local/sbin:/usr/local/bin:/usr/bin:/usr/bin/site_perl:/usr/bin/vendor_perl:/usr/bin/core_perl:/home/isaac/.rvm/bin:/home/isaac/.emacs.d/bin:/home/isaac/.rvm/bin:/home/isaac/.emacs.d/bin:/home/isaac/.rvm/bin

Yarn version: 
  1.22.19

Node version: 
  20.6.1

Platform: 
  linux x64

Trace: 
  SyntaxError: /home/isaac/education/package.json: Expected ':' after property name in JSON at position 162
      at JSON.parse (<anonymous>)
      at /usr/lib/node_modules/yarn/lib/cli.js:1629:59
      at Generator.next (<anonymous>)
      at step (/usr/lib/node_modules/yarn/lib/cli.js:310:30)
      at /usr/lib/node_modules/yarn/lib/cli.js:321:13

npm manifest: 
  {
    "name": "app",
    "scripts": {
      "tailwindcss -i ./app/assets/stylesheets/application.tailwind.css -o ./app/assets/builds/application.tailwind.css --postcss",
      "build": "webpack --config webpack.config.js"
    },
    "private": "true",
    "dependencies": {
      "mapkick": "^0.2.6"
    }
  }

yarn manifest: 
  No manifest

Lockfile: 
  # THIS IS AN AUTOGENERATED FILE. DO NOT EDIT THIS FILE DIRECTLY.
  # yarn lockfile v1
  
  
  mapkick@^0.2.6:
    version "0.2.6"
    resolved "https://registry.yarnpkg.com/mapkick/-/mapkick-0.2.6.tgz#140baa0759bc9a7edf669e5851b9abcc8878d549"
    integrity sha512-sDfPCOhTpQrzJc3Yzwg5XOBy5o2TTNEfH2dG2QZM7RUtfQzhY+xErfhQHrQvSOaWbf4zOegPq/dhaWuv2fo4CA==
